<?xml version="1.0" encoding="UTF-8"?>
<!-- Generated by org.testng.reporters.JUnitReportReporter -->
<testsuite hostname="DESKTOP-GTJI0RG" failures="0" tests="1" name="com.hrm.testscripts.AdminTestScripts" time="0.008" errors="0" timestamp="2022-09-02T15:40:25 IST" skipped="0">
  <testcase classname="com.hrm.testscripts.AdminTestScripts" name="adminScipts" time="0.008"/>
  <system-out/>
</testsuite> <!-- com.hrm.testscripts.AdminTestScripts -->
