<?xml version="1.0" encoding="UTF-8"?>
<!-- Generated by org.testng.reporters.JUnitReportReporter -->
<testsuite hostname="DESKTOP-GTJI0RG" failures="0" tests="1" name="com.hrm.testscripts.TestScripts" time="5.899" errors="0" timestamp="2022-08-30T16:37:06 IST" skipped="0">
  <testcase classname="com.hrm.testscripts.TestScripts" name="adminTest" time="5.899"/>
  <system-out/>
</testsuite> <!-- com.hrm.testscripts.TestScripts -->
